<?xml version="1.0" encoding="UTF-8"?>
<!-- Generated by org.testng.reporters.JUnitReportReporter -->
<testsuite hostname="DESKTOP-9K8KPBF" failures="0" tests="1" name="com.Testscrips.swaglabs.Login_swaglabs" time="0.717" errors="0" timestamp="2024-08-25T09:51:43 IST" skipped="0">
  <testcase classname="com.Testscrips.swaglabs.Login_swaglabs" name="login" time="0.717"/>
</testsuite> <!-- com.Testscrips.swaglabs.Login_swaglabs -->
